This is pdfTeX, Version 3.14159265-2.6-1.40.17 (MiKTeX 2.9.6100) (preloaded format=pdflatex 2016.12.22)  4 MAY 2017 01:42
entering extended mode
**./dothi.tex
(dothi.tex
LaTeX2e <2016/03/31> patch level 3
Babel <3.9r> and hyphenation patterns for 75 language(s) loaded.
("C:\Program Files\MiKTeX 2.9\tex\latex\base\article.cls"
Document Class: article 2014/09/29 v1.4h Standard LaTeX document class
("C:\Program Files\MiKTeX 2.9\tex\latex\base\size12.clo"
File: size12.clo 2014/09/29 v1.4h Standard LaTeX file (size option)
)
\c@part=\count79
\c@section=\count80
\c@subsection=\count81
\c@subsubsection=\count82
\c@paragraph=\count83
\c@subparagraph=\count84
\c@figure=\count85
\c@table=\count86
\abovecaptionskip=\skip41
\belowcaptionskip=\skip42
\bibindent=\dimen102
)
(C:\Users\tuongvinhc6\AppData\Roaming\MiKTeX\2.9\tex\latex\pstricks-add\pstrick
s-add.sty ("C:\Program Files\MiKTeX 2.9\tex\latex\pstricks\pstricks.sty"
Package: pstricks 2015/11/14 v0.62 LaTeX wrapper for `PSTricks' (RN,HV)

(C:\Users\tuongvinhc6\AppData\Roaming\MiKTeX\2.9\tex\latex\xcolor\xcolor.sty
Package: xcolor 2016/05/11 v2.12 LaTeX color extensions (UK)

("C:\Program Files\MiKTeX 2.9\tex\latex\graphics-cfg\color.cfg"
File: color.cfg 2016/01/02 v1.6 sample color configuration
)
Package xcolor Info: Driver file: pdftex.def on input line 225.

("C:\Program Files\MiKTeX 2.9\tex\latex\graphics-def\pdftex.def"
File: pdftex.def 2016/07/10 v0.06j Graphics/color for pdfTeX

("C:\Program Files\MiKTeX 2.9\tex\generic\oberdiek\infwarerr.sty"
Package: infwarerr 2016/05/16 v1.4 Providing info/warning/error messages (HO)
)
("C:\Program Files\MiKTeX 2.9\tex\generic\oberdiek\ltxcmds.sty"
Package: ltxcmds 2016/05/16 v1.23 LaTeX kernel commands for general use (HO)
)
\Gread@gobject=\count87
)
Package xcolor Info: Model `cmy' substituted by `cmy0' on input line 1348.
Package xcolor Info: Model `hsb' substituted by `rgb' on input line 1352.
Package xcolor Info: Model `RGB' extended on input line 1364.
Package xcolor Info: Model `HTML' substituted by `rgb' on input line 1366.
Package xcolor Info: Model `Hsb' substituted by `hsb' on input line 1367.
Package xcolor Info: Model `tHsb' substituted by `hsb' on input line 1368.
Package xcolor Info: Model `HSB' substituted by `hsb' on input line 1369.
Package xcolor Info: Model `Gray' substituted by `gray' on input line 1370.
Package xcolor Info: Model `wave' substituted by `hsb' on input line 1371.
)
("C:\Program Files\MiKTeX 2.9\tex\generic\pstricks\pstricks.tex"
("C:\Program Files\MiKTeX 2.9\tex\generic\xkeyval\pst-xkey.tex"
File: pst-xkey.tex 2005/11/25 v1.6 PSTricks specialization of xkeyval (HA)

("C:\Program Files\MiKTeX 2.9\tex\latex\xkeyval\xkeyval.sty"
Package: xkeyval 2014/12/03 v2.7a package option processing (HA)

("C:\Program Files\MiKTeX 2.9\tex\generic\xkeyval\xkeyval.tex"
("C:\Program Files\MiKTeX 2.9\tex\generic\xkeyval\xkvutils.tex"
\XKV@toks=\toks14
\XKV@tempa@toks=\toks15

("C:\Program Files\MiKTeX 2.9\tex\generic\xkeyval\keyval.tex"))
\XKV@depth=\count88
File: xkeyval.tex 2014/12/03 v2.7a key=value parser (HA)
)))
("C:\Program Files\MiKTeX 2.9\tex\generic\pstricks\pst-fp.tex"
`pst-fp' v0.05, 2010/01/17 (hv)
\pstFP@xs=\count89
\pstFP@xia=\count90
\pstFP@xib=\count91
\pstFP@xfa=\count92
\pstFP@xfb=\count93
\pstFP@rega=\count94
\pstFP@regb=\count95
\pstFP@regs=\count96
\pstFP@times=\count97
)
(C:\Users\tuongvinhc6\AppData\Roaming\MiKTeX\2.9\tex\generic\pgf\utilities\pgfu
til-common.tex
\pgfutil@everybye=\toks16
\pgfutil@tempdima=\dimen103
\pgfutil@tempdimb=\dimen104

(C:\Users\tuongvinhc6\AppData\Roaming\MiKTeX\2.9\tex\generic\pgf\utilities\pgfu
til-common-lists.tex))
(C:\Users\tuongvinhc6\AppData\Roaming\MiKTeX\2.9\tex\generic\pgf\utilities\pgfk
eys.code.tex
\pgfkeys@pathtoks=\toks17
\pgfkeys@temptoks=\toks18

(C:\Users\tuongvinhc6\AppData\Roaming\MiKTeX\2.9\tex\generic\pgf\utilities\pgfk
eysfiltered.code.tex
\pgfkeys@tmptoks=\toks19
))
(C:\Users\tuongvinhc6\AppData\Roaming\MiKTeX\2.9\tex\generic\pgf\utilities\pgff
or.code.tex
(C:\Users\tuongvinhc6\AppData\Roaming\MiKTeX\2.9\tex\generic\pgf\math\pgfmath.c
ode.tex
(C:\Users\tuongvinhc6\AppData\Roaming\MiKTeX\2.9\tex\generic\pgf\math\pgfmathca
lc.code.tex
(C:\Users\tuongvinhc6\AppData\Roaming\MiKTeX\2.9\tex\generic\pgf\math\pgfmathut
il.code.tex
\pgf@x=\dimen105
\pgf@xa=\dimen106
\pgf@xb=\dimen107
\pgf@xc=\dimen108
\pgf@y=\dimen109
\pgf@ya=\dimen110
\pgf@yb=\dimen111
\pgf@yc=\dimen112
\c@pgf@counta=\count98
\c@pgf@countb=\count99
\c@pgf@countc=\count100
\c@pgf@countd=\count101
\pgfutil@tempcnta=\count102
\pgfutil@tempcntb=\count103
)
(C:\Users\tuongvinhc6\AppData\Roaming\MiKTeX\2.9\tex\generic\pgf\math\pgfmathpa
rser.code.tex
\pgfmath@dimen=\dimen113
\pgfmath@count=\count104
\pgfmath@box=\box26
\pgfmath@toks=\toks20
\pgfmath@stack@operand=\toks21
\pgfmath@stack@operation=\toks22
)
(C:\Users\tuongvinhc6\AppData\Roaming\MiKTeX\2.9\tex\generic\pgf\math\pgfmathfu
nctions.code.tex
(C:\Users\tuongvinhc6\AppData\Roaming\MiKTeX\2.9\tex\generic\pgf\math\pgfmathfu
nctions.basic.code.tex)
(C:\Users\tuongvinhc6\AppData\Roaming\MiKTeX\2.9\tex\generic\pgf\math\pgfmathfu
nctions.trigonometric.code.tex)
(C:\Users\tuongvinhc6\AppData\Roaming\MiKTeX\2.9\tex\generic\pgf\math\pgfmathfu
nctions.random.code.tex)
(C:\Users\tuongvinhc6\AppData\Roaming\MiKTeX\2.9\tex\generic\pgf\math\pgfmathfu
nctions.comparison.code.tex)
(C:\Users\tuongvinhc6\AppData\Roaming\MiKTeX\2.9\tex\generic\pgf\math\pgfmathfu
nctions.base.code.tex)
(C:\Users\tuongvinhc6\AppData\Roaming\MiKTeX\2.9\tex\generic\pgf\math\pgfmathfu
nctions.round.code.tex)
(C:\Users\tuongvinhc6\AppData\Roaming\MiKTeX\2.9\tex\generic\pgf\math\pgfmathfu
nctions.misc.code.tex)
(C:\Users\tuongvinhc6\AppData\Roaming\MiKTeX\2.9\tex\generic\pgf\math\pgfmathfu
nctions.integerarithmetics.code.tex)))
(C:\Users\tuongvinhc6\AppData\Roaming\MiKTeX\2.9\tex\generic\pgf\math\pgfmathfl
oat.code.tex
\c@pgfmathroundto@lastzeros=\count105
))
\pgffor@iter=\dimen114
\pgffor@skip=\dimen115
\pgffor@stack=\toks23
\pgffor@toks=\toks24
)
\psLoopIndex=\count106

`PSTricks' v2.70  <2016/09/23> (tvz)
\pst@dima=\dimen116
\pst@dimb=\dimen117
\pst@dimc=\dimen118
\pst@dimd=\dimen119
\pst@dimg=\dimen120
\pst@dimh=\dimen121
\pst@dimm=\dimen122
\pst@dimn=\dimen123
\pst@dimo=\dimen124
\pst@dimp=\dimen125
\pst@hbox=\box27
\pst@ibox=\box28
\pst@boxg=\box29
\pst@cnta=\count107
\pst@cntb=\count108
\pst@cntc=\count109
\pst@cntd=\count110
\pst@cntg=\count111
\pst@cnth=\count112
\pst@cntm=\count113
\pst@cntn=\count114
\pst@cnto=\count115
\pst@cntp=\count116
\@zero=\count117
\pst@toks=\toks25
("C:\Program Files\MiKTeX 2.9\tex\generic\pstricks\pstricks.con")
\psunit=\dimen126
\psxunit=\dimen127
\psyunit=\dimen128
\pst@C@@rType=\count118
\pslinewidth=\dimen129
\psk@startLW=\dimen130
\psk@endLW=\dimen131
\pst@customdefs=\toks26
\pslinearc=\dimen132
\pst@symbolStep=\dimen133
\pst@symbolWidth=\dimen134
\pst@symbolLinewidth=\dimen135
\everypsbox=\toks27
\psframesep=\dimen136
\pslabelsep=\dimen137
\sh@wgridXunit=\dimen138
\sh@wgridYunit=\dimen139
\pst@shift=\dimen140
)
File: pstricks.tex 2016/09/23 v2.70 `PSTricks' (tvz,hv)

("C:\Program Files\MiKTeX 2.9\tex\generic\pstricks\pst-fp.tex")
File: pst-fp.tex 2016/09/23 v2.70 `PST-fp' (hv)
)
(C:\Users\tuongvinhc6\AppData\Roaming\MiKTeX\2.9\tex\latex\pst-plot\pst-plot.st
y
Package: pst-plot 2011/06/05 v1.00 LaTeX wrapper for `pst-plot' (HV)
 ("C:\Program Files\MiKTeX 2.9\tex\latex\xkeyval\pst-xkey.sty"
Package: pst-xkey 2005/11/25 v1.6 package wrapper for pst-xkey.tex (HA)
)
(C:\Users\tuongvinhc6\AppData\Roaming\MiKTeX\2.9\tex\latex\multido\multido.sty
Package: multido 2004/05/17 package wrapper for PSTricks `multido.tex', (HV/RN)


(C:\Users\tuongvinhc6\AppData\Roaming\MiKTeX\2.9\tex\generic\multido\multido.te
x  v1.42, 2010/05/14 <tvz>
\multido@count=\count119
\multidocount=\count120
\multido@stuff=\toks28
)
File: multido.tex 2010/05/14 v1.42 `multido' (tvz,hv)
)
Package: pst-plot 2011/04/13 package wrapper for pst-plot.tex (hv)

(C:\Users\tuongvinhc6\AppData\Roaming\MiKTeX\2.9\tex\generic\pst-plot\pst-plot.
tex
(C:\Users\tuongvinhc6\AppData\Roaming\MiKTeX\2.9\tex\generic\pst-tools\pst-tool
s.tex `PST-tools' v0.05, 2014/05/12 (hv))
(C:\Users\tuongvinhc6\AppData\Roaming\MiKTeX\2.9\tex\generic\pstricks-add\pstri
cks-add.tex
(C:\Users\tuongvinhc6\AppData\Roaming\MiKTeX\2.9\tex\generic\pst-node\pst-node.
tex  v1.36, 2016/04/24
\psrow=\count121
\pscol=\count122
\psmatrixcnt=\count123
\psrowsep=\skip43
\pscolsep=\skip44
\pst@args=\count124
\num@pts=\count125
\pst@argcnt=\count126
)
(C:\Users\tuongvinhc6\AppData\Roaming\MiKTeX\2.9\tex\generic\pst-arrow\pst-arro
w.tex `pst-arrow' v0.01, 2016/09/01 (dr,hv)
\pshooklength=\dimen141
\pshookwidth=\dimen142
)
(C:\Users\tuongvinhc6\AppData\Roaming\MiKTeX\2.9\tex\generic\pst-3d\pst-3d.tex
`PST-3d' v1.11, 2010/02/14 (tvz))
(C:\Users\tuongvinhc6\AppData\Roaming\MiKTeX\2.9\tex\generic\pst-math\pst-math.
tex `pst-math' v0.63 , (CJ,hv)) `pstricks-add' v3.82, 2016/09/01 (dr,hv)
\psparallelogramsep=\dimen143
\pst@cntC=\count127
\chart@ColorIndex=\dimen144
\chart@ColorStep=\dimen145
\pst@chartHeight=\dimen146
\pst@chartStackDepth=\dimen147
\pst@chartStackWidth=\dimen148
\chart@Toggle=\count128
\psVectorCtr=\count129
)
 v1.75, 2016/05/18 (tvz,hv)
\pstRadUnit=\dimen149
\pstRadUnitInv=\dimen150
\pst@linecnt=\count130
\RCD@file=\read1
\psxlabelsep=\dimen151
\psylabelsep=\dimen152
\psk@subticksize=\dimen153
\pst@xticksizeA=\dimen154
\pst@xticksizeB=\dimen155
\pst@xticksizeC=\dimen156
\pst@yticksizeA=\dimen157
\pst@yticksizeB=\dimen158
\pst@yticksizeC=\dimen159
\@digitcounter=\count131
\psk@llx=\dimen160
\psk@lly=\dimen161
\psk@urx=\dimen162
\psk@ury=\dimen163
\pst@xunit=\dimen164
\pst@yunit=\dimen165
)
File: pst-plot.tex 2016/05/18 1.75 `pst-plot' (tvz,hv)
)
(C:\Users\tuongvinhc6\AppData\Roaming\MiKTeX\2.9\tex\latex\pst-node\pst-node.st
y
Package: pst-node 2012/09/18 v1.01 LaTeX wrapper for `pst-node' (HV)
Package: pst-node 2010/04/22 package wrapper for pst-node.tex

(C:\Users\tuongvinhc6\AppData\Roaming\MiKTeX\2.9\tex\generic\pst-node\pst-node.
tex)
File: pst-node.tex 2016/05/18 1.75 `pst-node' (tvz,hv)
)
(C:\Users\tuongvinhc6\AppData\Roaming\MiKTeX\2.9\tex\latex\pst-3d\pst-3d.sty
Package: pst-3d 2009/07/28 package wrapper for pst-3d.tex (hv)

(C:\Users\tuongvinhc6\AppData\Roaming\MiKTeX\2.9\tex\generic\pst-3d\pst-3d.tex)
File: pst-3d.tex 2016/05/18 v1.75 `PST-3d' (hv)
)
(C:\Users\tuongvinhc6\AppData\Roaming\MiKTeX\2.9\tex\latex\pst-math\pst-math.st
y
Package: pst-math 2014/07/30 package wrapper for PSTricks pst-math.tex

(C:\Users\tuongvinhc6\AppData\Roaming\MiKTeX\2.9\tex\generic\pst-math\pst-math.
tex)
File: pst-math.tex 2016/05/18 v1.75 `PST-math' (hv)
)
Package: pstricks-add 2010/02/11 v. 0.14 package wrapper for pstricks-add.tex (
hv)

(C:\Users\tuongvinhc6\AppData\Roaming\MiKTeX\2.9\tex\generic\pstricks-add\pstri
cks-add.tex)
File: pstricks-add.tex 2016/05/18 v1.75 `PSTricks-add' (hv)
Package pstricks-add Info: Local config file pstricks-add.cfg used on input lin
e 20.

(C:\Users\tuongvinhc6\AppData\Roaming\MiKTeX\2.9\tex\latex\pstricks-add\pstrick
s-add.cfg
File: pstricks-add.cfg 2005/01/10 v0.1 addtional user stuff (hv)
))
(C:\Users\tuongvinhc6\AppData\Roaming\MiKTeX\2.9\tex\latex\pst-text\pst-text.st
y
Package: pst-text 2006/01/01 package wrapper for pst-text.tex (hv)

(C:\Users\tuongvinhc6\AppData\Roaming\MiKTeX\2.9\tex\generic\pst-text\pst-text.
tex  v1.00, 2006/11/05(tvz,hv))
File: pst-text.tex 2006/11/05 1.00 `pst-text' (tvz)
) (dothi.aux)
\openout1 = `dothi.aux'.

LaTeX Font Info:    Checking defaults for OML/cmm/m/it on input line 5.
LaTeX Font Info:    ... okay on input line 5.
LaTeX Font Info:    Checking defaults for T1/cmr/m/n on input line 5.
LaTeX Font Info:    ... okay on input line 5.
LaTeX Font Info:    Checking defaults for OT1/cmr/m/n on input line 5.
LaTeX Font Info:    ... okay on input line 5.
LaTeX Font Info:    Checking defaults for OMS/cmsy/m/n on input line 5.
LaTeX Font Info:    ... okay on input line 5.
LaTeX Font Info:    Checking defaults for OMX/cmex/m/n on input line 5.
LaTeX Font Info:    ... okay on input line 5.
LaTeX Font Info:    Checking defaults for U/cmr/m/n on input line 5.
LaTeX Font Info:    ... okay on input line 5.

(C:\Users\tuongvinhc6\AppData\Roaming\MiKTeX\2.9\tex\context\base\supp-pdf.mkii
[Loading MPS to PDF converter (version 2006.09.02).]
\scratchcounter=\count132
\scratchdimen=\dimen166
\scratchbox=\box30
\nofMPsegments=\count133
\nofMParguments=\count134
\everyMPshowfont=\toks29
\MPscratchCnt=\count135
\MPscratchDim=\dimen167
\MPnumerator=\count136
\makeMPintoPDFobject=\count137
\everyMPtoPDFconversion=\toks30
)
! Undefined control sequence.
<recently read> \c@lor@to@ps 
                             
l.8 	\psline[linewidth=1.2pt,linecolor=blue](
                                             -7.999999924372218,-2.111111112...
The control sequence at the end of the top line
of your error message was never \def'ed. If you have
misspelled it (e.g., `\hobx'), type `I' and the correct
spelling (e.g., `I\hbox'). Otherwise just continue,
and I'll forget about whatever was undefined.

! Undefined control sequence.
\XC@usec@lor ...\expandafter \c@lor@to@ps #1#2\@@ 
                                                  \else \expandafter \expand...
l.8 	\psline[linewidth=1.2pt,linecolor=blue](
                                             -7.999999924372218,-2.111111112...
The control sequence at the end of the top line
of your error message was never \def'ed. If you have
misspelled it (e.g., `\hobx'), type `I' and the correct
spelling (e.g., `I\hbox'). Otherwise just continue,
and I'll forget about whatever was undefined.

! Undefined control sequence.
<recently read> \c@lor@to@ps 
                             
l.9 	\psline
            [linewidth=1.2pt,linecolor=blue](-7.999999924372218,-2.111111112...
The control sequence at the end of the top line
of your error message was never \def'ed. If you have
misspelled it (e.g., `\hobx'), type `I' and the correct
spelling (e.g., `I\hbox'). Otherwise just continue,
and I'll forget about whatever was undefined.

! Undefined control sequence.
\XC@usec@lor ...\expandafter \c@lor@to@ps #1#2\@@ 
                                                  \else \expandafter \expand...
l.9 	\psline
            [linewidth=1.2pt,linecolor=blue](-7.999999924372218,-2.111111112...
The control sequence at the end of the top line
of your error message was never \def'ed. If you have
misspelled it (e.g., `\hobx'), type `I' and the correct
spelling (e.g., `I\hbox'). Otherwise just continue,
and I'll forget about whatever was undefined.

! Undefined control sequence.
<recently read> \c@lor@to@ps 
                             
l.9 	\psline[linewidth=1.2pt,linecolor=blue](
                                             -7.999999924372218,-2.111111112...
The control sequence at the end of the top line
of your error message was never \def'ed. If you have
misspelled it (e.g., `\hobx'), type `I' and the correct
spelling (e.g., `I\hbox'). Otherwise just continue,
and I'll forget about whatever was undefined.

! Undefined control sequence.
\XC@usec@lor ...\expandafter \c@lor@to@ps #1#2\@@ 
                                                  \else \expandafter \expand...
l.9 	\psline[linewidth=1.2pt,linecolor=blue](
                                             -7.999999924372218,-2.111111112...
The control sequence at the end of the top line
of your error message was never \def'ed. If you have
misspelled it (e.g., `\hobx'), type `I' and the correct
spelling (e.g., `I\hbox'). Otherwise just continue,
and I'll forget about whatever was undefined.

! Undefined control sequence.
<recently read> \c@lor@to@ps 
                             
l.10 	\psline
             [linewidth=1.2pt,linecolor=blue](-7.955499875482023,-2.11166322...
The control sequence at the end of the top line
of your error message was never \def'ed. If you have
misspelled it (e.g., `\hobx'), type `I' and the correct
spelling (e.g., `I\hbox'). Otherwise just continue,
and I'll forget about whatever was undefined.

! Undefined control sequence.
\XC@usec@lor ...\expandafter \c@lor@to@ps #1#2\@@ 
                                                  \else \expandafter \expand...
l.10 	\psline
             [linewidth=1.2pt,linecolor=blue](-7.955499875482023,-2.11166322...
The control sequence at the end of the top line
of your error message was never \def'ed. If you have
misspelled it (e.g., `\hobx'), type `I' and the correct
spelling (e.g., `I\hbox'). Otherwise just continue,
and I'll forget about whatever was undefined.

! Undefined control sequence.
<recently read> \c@lor@to@ps 
                             
l.10 	\psline[linewidth=1.2pt,linecolor=blue](
                                              -7.955499875482023,-2.11166322...
The control sequence at the end of the top line
of your error message was never \def'ed. If you have
misspelled it (e.g., `\hobx'), type `I' and the correct
spelling (e.g., `I\hbox'). Otherwise just continue,
and I'll forget about whatever was undefined.

! Undefined control sequence.
\XC@usec@lor ...\expandafter \c@lor@to@ps #1#2\@@ 
                                                  \else \expandafter \expand...
l.10 	\psline[linewidth=1.2pt,linecolor=blue](
                                              -7.955499875482023,-2.11166322...
The control sequence at the end of the top line
of your error message was never \def'ed. If you have
misspelled it (e.g., `\hobx'), type `I' and the correct
spelling (e.g., `I\hbox'). Otherwise just continue,
and I'll forget about whatever was undefined.

! Undefined control sequence.
<recently read> \c@lor@to@ps 
                             
l.11 	\psline
             [linewidth=1.2pt,linecolor=blue](-7.910999826591829,-2.11222085...
The control sequence at the end of the top line
of your error message was never \def'ed. If you have
misspelled it (e.g., `\hobx'), type `I' and the correct
spelling (e.g., `I\hbox'). Otherwise just continue,
and I'll forget about whatever was undefined.

! Undefined control sequence.
\XC@usec@lor ...\expandafter \c@lor@to@ps #1#2\@@ 
                                                  \else \expandafter \expand...
l.11 	\psline
             [linewidth=1.2pt,linecolor=blue](-7.910999826591829,-2.11222085...
The control sequence at the end of the top line
of your error message was never \def'ed. If you have
misspelled it (e.g., `\hobx'), type `I' and the correct
spelling (e.g., `I\hbox'). Otherwise just continue,
and I'll forget about whatever was undefined.

! Undefined control sequence.
<recently read> \c@lor@to@ps 
                             
l.11 	\psline[linewidth=1.2pt,linecolor=blue](
                                              -7.910999826591829,-2.11222085...
The control sequence at the end of the top line
of your error message was never \def'ed. If you have
misspelled it (e.g., `\hobx'), type `I' and the correct
spelling (e.g., `I\hbox'). Otherwise just continue,
and I'll forget about whatever was undefined.

! Undefined control sequence.
\XC@usec@lor ...\expandafter \c@lor@to@ps #1#2\@@ 
                                                  \else \expandafter \expand...
l.11 	\psline[linewidth=1.2pt,linecolor=blue](
                                              -7.910999826591829,-2.11222085...
The control sequence at the end of the top line
of your error message was never \def'ed. If you have
misspelled it (e.g., `\hobx'), type `I' and the correct
spelling (e.g., `I\hbox'). Otherwise just continue,
and I'll forget about whatever was undefined.

! Undefined control sequence.
<recently read> \c@lor@to@ps 
                             
l.12 	\psline
             [linewidth=1.2pt,linecolor=blue](-7.866499777701635,-2.11278407...
The control sequence at the end of the top line
of your error message was never \def'ed. If you have
misspelled it (e.g., `\hobx'), type `I' and the correct
spelling (e.g., `I\hbox'). Otherwise just continue,
and I'll forget about whatever was undefined.

! Undefined control sequence.
\XC@usec@lor ...\expandafter \c@lor@to@ps #1#2\@@ 
                                                  \else \expandafter \expand...
l.12 	\psline
             [linewidth=1.2pt,linecolor=blue](-7.866499777701635,-2.11278407...
The control sequence at the end of the top line
of your error message was never \def'ed. If you have
misspelled it (e.g., `\hobx'), type `I' and the correct
spelling (e.g., `I\hbox'). Otherwise just continue,
and I'll forget about whatever was undefined.

! Undefined control sequence.
<recently read> \c@lor@to@ps 
                             
l.12 	\psline[linewidth=1.2pt,linecolor=blue](
                                              -7.866499777701635,-2.11278407...
The control sequence at the end of the top line
of your error message was never \def'ed. If you have
misspelled it (e.g., `\hobx'), type `I' and the correct
spelling (e.g., `I\hbox'). Otherwise just continue,
and I'll forget about whatever was undefined.

! Undefined control sequence.
\XC@usec@lor ...\expandafter \c@lor@to@ps #1#2\@@ 
                                                  \else \expandafter \expand...
l.12 	\psline[linewidth=1.2pt,linecolor=blue](
                                              -7.866499777701635,-2.11278407...
The control sequence at the end of the top line
of your error message was never \def'ed. If you have
misspelled it (e.g., `\hobx'), type `I' and the correct
spelling (e.g., `I\hbox'). Otherwise just continue,
and I'll forget about whatever was undefined.

! Undefined control sequence.
<recently read> \c@lor@to@ps 
                             
l.13 	\psline
             [linewidth=1.2pt,linecolor=blue](-7.8219997288114405,-2.1133529...
The control sequence at the end of the top line
of your error message was never \def'ed. If you have
misspelled it (e.g., `\hobx'), type `I' and the correct
spelling (e.g., `I\hbox'). Otherwise just continue,
and I'll forget about whatever was undefined.

! Undefined control sequence.
\XC@usec@lor ...\expandafter \c@lor@to@ps #1#2\@@ 
                                                  \else \expandafter \expand...
l.13 	\psline
             [linewidth=1.2pt,linecolor=blue](-7.8219997288114405,-2.1133529...
The control sequence at the end of the top line
of your error message was never \def'ed. If you have
misspelled it (e.g., `\hobx'), type `I' and the correct
spelling (e.g., `I\hbox'). Otherwise just continue,
and I'll forget about whatever was undefined.

! Undefined control sequence.
<recently read> \c@lor@to@ps 
                             
l.13 	\psline[linewidth=1.2pt,linecolor=blue](
                                              -7.8219997288114405,-2.1133529...
The control sequence at the end of the top line
of your error message was never \def'ed. If you have
misspelled it (e.g., `\hobx'), type `I' and the correct
spelling (e.g., `I\hbox'). Otherwise just continue,
and I'll forget about whatever was undefined.

! Undefined control sequence.
\XC@usec@lor ...\expandafter \c@lor@to@ps #1#2\@@ 
                                                  \else \expandafter \expand...
l.13 	\psline[linewidth=1.2pt,linecolor=blue](
                                              -7.8219997288114405,-2.1133529...
The control sequence at the end of the top line
of your error message was never \def'ed. If you have
misspelled it (e.g., `\hobx'), type `I' and the correct
spelling (e.g., `I\hbox'). Otherwise just continue,
and I'll forget about whatever was undefined.

! Undefined control sequence.
<recently read> \c@lor@to@ps 
                             
l.14 	\psline
             [linewidth=1.2pt,linecolor=blue](-7.777499679921246,-2.11392766...
The control sequence at the end of the top line
of your error message was never \def'ed. If you have
misspelled it (e.g., `\hobx'), type `I' and the correct
spelling (e.g., `I\hbox'). Otherwise just continue,
and I'll forget about whatever was undefined.

! Undefined control sequence.
\XC@usec@lor ...\expandafter \c@lor@to@ps #1#2\@@ 
                                                  \else \expandafter \expand...
l.14 	\psline
             [linewidth=1.2pt,linecolor=blue](-7.777499679921246,-2.11392766...
The control sequence at the end of the top line
of your error message was never \def'ed. If you have
misspelled it (e.g., `\hobx'), type `I' and the correct
spelling (e.g., `I\hbox'). Otherwise just continue,
and I'll forget about whatever was undefined.

! Undefined control sequence.
<recently read> \c@lor@to@ps 
                             
l.14 	\psline[linewidth=1.2pt,linecolor=blue](
                                              -7.777499679921246,-2.11392766...
The control sequence at the end of the top line
of your error message was never \def'ed. If you have
misspelled it (e.g., `\hobx'), type `I' and the correct
spelling (e.g., `I\hbox'). Otherwise just continue,
and I'll forget about whatever was undefined.

! Undefined control sequence.
\XC@usec@lor ...\expandafter \c@lor@to@ps #1#2\@@ 
                                                  \else \expandafter \expand...
l.14 	\psline[linewidth=1.2pt,linecolor=blue](
                                              -7.777499679921246,-2.11392766...
The control sequence at the end of the top line
of your error message was never \def'ed. If you have
misspelled it (e.g., `\hobx'), type `I' and the correct
spelling (e.g., `I\hbox'). Otherwise just continue,
and I'll forget about whatever was undefined.

! Undefined control sequence.
<recently read> \c@lor@to@ps 
                             
l.15 	\psline
             [linewidth=1.2pt,linecolor=blue](-7.732999631031052,-2.11450819...
The control sequence at the end of the top line
of your error message was never \def'ed. If you have
misspelled it (e.g., `\hobx'), type `I' and the correct
spelling (e.g., `I\hbox'). Otherwise just continue,
and I'll forget about whatever was undefined.

! Undefined control sequence.
\XC@usec@lor ...\expandafter \c@lor@to@ps #1#2\@@ 
                                                  \else \expandafter \expand...
l.15 	\psline
             [linewidth=1.2pt,linecolor=blue](-7.732999631031052,-2.11450819...
The control sequence at the end of the top line
of your error message was never \def'ed. If you have
misspelled it (e.g., `\hobx'), type `I' and the correct
spelling (e.g., `I\hbox'). Otherwise just continue,
and I'll forget about whatever was undefined.

! Undefined control sequence.
<recently read> \c@lor@to@ps 
                             
l.15 	\psline[linewidth=1.2pt,linecolor=blue](
                                              -7.732999631031052,-2.11450819...
The control sequence at the end of the top line
of your error message was never \def'ed. If you have
misspelled it (e.g., `\hobx'), type `I' and the correct
spelling (e.g., `I\hbox'). Otherwise just continue,
and I'll forget about whatever was undefined.

! Undefined control sequence.
\XC@usec@lor ...\expandafter \c@lor@to@ps #1#2\@@ 
                                                  \else \expandafter \expand...
l.15 	\psline[linewidth=1.2pt,linecolor=blue](
                                              -7.732999631031052,-2.11450819...
The control sequence at the end of the top line
of your error message was never \def'ed. If you have
misspelled it (e.g., `\hobx'), type `I' and the correct
spelling (e.g., `I\hbox'). Otherwise just continue,
and I'll forget about whatever was undefined.

! Undefined control sequence.
<recently read> \c@lor@to@ps 
                             
l.16 	\psline
             [linewidth=1.2pt,linecolor=blue](-7.6884995821408575,-2.1150946...
The control sequence at the end of the top line
of your error message was never \def'ed. If you have
misspelled it (e.g., `\hobx'), type `I' and the correct
spelling (e.g., `I\hbox'). Otherwise just continue,
and I'll forget about whatever was undefined.

! Undefined control sequence.
\XC@usec@lor ...\expandafter \c@lor@to@ps #1#2\@@ 
                                                  \else \expandafter \expand...
l.16 	\psline
             [linewidth=1.2pt,linecolor=blue](-7.6884995821408575,-2.1150946...
The control sequence at the end of the top line
of your error message was never \def'ed. If you have
misspelled it (e.g., `\hobx'), type `I' and the correct
spelling (e.g., `I\hbox'). Otherwise just continue,
and I'll forget about whatever was undefined.

! Undefined control sequence.
<recently read> \c@lor@to@ps 
                             
l.16 	\psline[linewidth=1.2pt,linecolor=blue](
                                              -7.6884995821408575,-2.1150946...
The control sequence at the end of the top line
of your error message was never \def'ed. If you have
misspelled it (e.g., `\hobx'), type `I' and the correct
spelling (e.g., `I\hbox'). Otherwise just continue,
and I'll forget about whatever was undefined.

! Undefined control sequence.
\XC@usec@lor ...\expandafter \c@lor@to@ps #1#2\@@ 
                                                  \else \expandafter \expand...
l.16 	\psline[linewidth=1.2pt,linecolor=blue](
                                              -7.6884995821408575,-2.1150946...
The control sequence at the end of the top line
of your error message was never \def'ed. If you have
misspelled it (e.g., `\hobx'), type `I' and the correct
spelling (e.g., `I\hbox'). Otherwise just continue,
and I'll forget about whatever was undefined.

! Undefined control sequence.
<recently read> \c@lor@to@ps 
                             
l.17 	\psline
             [linewidth=1.2pt,linecolor=blue](-7.643999533250663,-2.11568718...
The control sequence at the end of the top line
of your error message was never \def'ed. If you have
misspelled it (e.g., `\hobx'), type `I' and the correct
spelling (e.g., `I\hbox'). Otherwise just continue,
and I'll forget about whatever was undefined.

! Undefined control sequence.
\XC@usec@lor ...\expandafter \c@lor@to@ps #1#2\@@ 
                                                  \else \expandafter \expand...
l.17 	\psline
             [linewidth=1.2pt,linecolor=blue](-7.643999533250663,-2.11568718...
The control sequence at the end of the top line
of your error message was never \def'ed. If you have
misspelled it (e.g., `\hobx'), type `I' and the correct
spelling (e.g., `I\hbox'). Otherwise just continue,
and I'll forget about whatever was undefined.

! Undefined control sequence.
<recently read> \c@lor@to@ps 
                             
l.17 	\psline[linewidth=1.2pt,linecolor=blue](
                                              -7.643999533250663,-2.11568718...
The control sequence at the end of the top line
of your error message was never \def'ed. If you have
misspelled it (e.g., `\hobx'), type `I' and the correct
spelling (e.g., `I\hbox'). Otherwise just continue,
and I'll forget about whatever was undefined.

! Undefined control sequence.
\XC@usec@lor ...\expandafter \c@lor@to@ps #1#2\@@ 
                                                  \else \expandafter \expand...
l.17 	\psline[linewidth=1.2pt,linecolor=blue](
                                              -7.643999533250663,-2.11568718...
The control sequence at the end of the top line
of your error message was never \def'ed. If you have
misspelled it (e.g., `\hobx'), type `I' and the correct
spelling (e.g., `I\hbox'). Otherwise just continue,
and I'll forget about whatever was undefined.

! Undefined control sequence.
<recently read> \c@lor@to@ps 
                             
l.18 	\psline
             [linewidth=1.2pt,linecolor=blue](-7.599499484360469,-2.11628583...
The control sequence at the end of the top line
of your error message was never \def'ed. If you have
misspelled it (e.g., `\hobx'), type `I' and the correct
spelling (e.g., `I\hbox'). Otherwise just continue,
and I'll forget about whatever was undefined.

! Undefined control sequence.
\XC@usec@lor ...\expandafter \c@lor@to@ps #1#2\@@ 
                                                  \else \expandafter \expand...
l.18 	\psline
             [linewidth=1.2pt,linecolor=blue](-7.599499484360469,-2.11628583...
The control sequence at the end of the top line
of your error message was never \def'ed. If you have
misspelled it (e.g., `\hobx'), type `I' and the correct
spelling (e.g., `I\hbox'). Otherwise just continue,
and I'll forget about whatever was undefined.

! Undefined control sequence.
<recently read> \c@lor@to@ps 
                             
l.18 	\psline[linewidth=1.2pt,linecolor=blue](
                                              -7.599499484360469,-2.11628583...
The control sequence at the end of the top line
of your error message was never \def'ed. If you have
misspelled it (e.g., `\hobx'), type `I' and the correct
spelling (e.g., `I\hbox'). Otherwise just continue,
and I'll forget about whatever was undefined.

! Undefined control sequence.
\XC@usec@lor ...\expandafter \c@lor@to@ps #1#2\@@ 
                                                  \else \expandafter \expand...
l.18 	\psline[linewidth=1.2pt,linecolor=blue](
                                              -7.599499484360469,-2.11628583...
The control sequence at the end of the top line
of your error message was never \def'ed. If you have
misspelled it (e.g., `\hobx'), type `I' and the correct
spelling (e.g., `I\hbox'). Otherwise just continue,
and I'll forget about whatever was undefined.

! Undefined control sequence.
<recently read> \c@lor@to@ps 
                             
l.19 	\psline
             [linewidth=1.2pt,linecolor=blue](-7.5549994354702745,-2.1168907...
The control sequence at the end of the top line
of your error message was never \def'ed. If you have
misspelled it (e.g., `\hobx'), type `I' and the correct
spelling (e.g., `I\hbox'). Otherwise just continue,
and I'll forget about whatever was undefined.

! Undefined control sequence.
\XC@usec@lor ...\expandafter \c@lor@to@ps #1#2\@@ 
                                                  \else \expandafter \expand...
l.19 	\psline
             [linewidth=1.2pt,linecolor=blue](-7.5549994354702745,-2.1168907...
The control sequence at the end of the top line
of your error message was never \def'ed. If you have
misspelled it (e.g., `\hobx'), type `I' and the correct
spelling (e.g., `I\hbox'). Otherwise just continue,
and I'll forget about whatever was undefined.

! Undefined control sequence.
<recently read> \c@lor@to@ps 
                             
l.19 	\psline[linewidth=1.2pt,linecolor=blue](
                                              -7.5549994354702745,-2.1168907...
The control sequence at the end of the top line
of your error message was never \def'ed. If you have
misspelled it (e.g., `\hobx'), type `I' and the correct
spelling (e.g., `I\hbox'). Otherwise just continue,
and I'll forget about whatever was undefined.

! Undefined control sequence.
\XC@usec@lor ...\expandafter \c@lor@to@ps #1#2\@@ 
                                                  \else \expandafter \expand...
l.19 	\psline[linewidth=1.2pt,linecolor=blue](
                                              -7.5549994354702745,-2.1168907...
The control sequence at the end of the top line
of your error message was never \def'ed. If you have
misspelled it (e.g., `\hobx'), type `I' and the correct
spelling (e.g., `I\hbox'). Otherwise just continue,
and I'll forget about whatever was undefined.

! Undefined control sequence.
<recently read> \c@lor@to@ps 
                             
l.20 	\psline
             [linewidth=1.2pt,linecolor=blue](-7.51049938658008,-2.117501917...
The control sequence at the end of the top line
of your error message was never \def'ed. If you have
misspelled it (e.g., `\hobx'), type `I' and the correct
spelling (e.g., `I\hbox'). Otherwise just continue,
and I'll forget about whatever was undefined.

! Undefined control sequence.
\XC@usec@lor ...\expandafter \c@lor@to@ps #1#2\@@ 
                                                  \else \expandafter \expand...
l.20 	\psline
             [linewidth=1.2pt,linecolor=blue](-7.51049938658008,-2.117501917...
The control sequence at the end of the top line
of your error message was never \def'ed. If you have
misspelled it (e.g., `\hobx'), type `I' and the correct
spelling (e.g., `I\hbox'). Otherwise just continue,
and I'll forget about whatever was undefined.

! Undefined control sequence.
<recently read> \c@lor@to@ps 
                             
l.20 	\psline[linewidth=1.2pt,linecolor=blue](
                                              -7.51049938658008,-2.117501917...
The control sequence at the end of the top line
of your error message was never \def'ed. If you have
misspelled it (e.g., `\hobx'), type `I' and the correct
spelling (e.g., `I\hbox'). Otherwise just continue,
and I'll forget about whatever was undefined.

! Undefined control sequence.
\XC@usec@lor ...\expandafter \c@lor@to@ps #1#2\@@ 
                                                  \else \expandafter \expand...
l.20 	\psline[linewidth=1.2pt,linecolor=blue](
                                              -7.51049938658008,-2.117501917...
The control sequence at the end of the top line
of your error message was never \def'ed. If you have
misspelled it (e.g., `\hobx'), type `I' and the correct
spelling (e.g., `I\hbox'). Otherwise just continue,
and I'll forget about whatever was undefined.

! Undefined control sequence.
<recently read> \c@lor@to@ps 
                             
l.21 	\psline
             [linewidth=1.2pt,linecolor=blue](-7.465999337689886,-2.11811954...
The control sequence at the end of the top line
of your error message was never \def'ed. If you have
misspelled it (e.g., `\hobx'), type `I' and the correct
spelling (e.g., `I\hbox'). Otherwise just continue,
and I'll forget about whatever was undefined.

! Undefined control sequence.
\XC@usec@lor ...\expandafter \c@lor@to@ps #1#2\@@ 
                                                  \else \expandafter \expand...
l.21 	\psline
             [linewidth=1.2pt,linecolor=blue](-7.465999337689886,-2.11811954...
The control sequence at the end of the top line
of your error message was never \def'ed. If you have
misspelled it (e.g., `\hobx'), type `I' and the correct
spelling (e.g., `I\hbox'). Otherwise just continue,
and I'll forget about whatever was undefined.

! Undefined control sequence.
<recently read> \c@lor@to@ps 
                             
l.21 	\psline[linewidth=1.2pt,linecolor=blue](
                                              -7.465999337689886,-2.11811954...
The control sequence at the end of the top line
of your error message was never \def'ed. If you have
misspelled it (e.g., `\hobx'), type `I' and the correct
spelling (e.g., `I\hbox'). Otherwise just continue,
and I'll forget about whatever was undefined.

! Undefined control sequence.
\XC@usec@lor ...\expandafter \c@lor@to@ps #1#2\@@ 
                                                  \else \expandafter \expand...
l.21 	\psline[linewidth=1.2pt,linecolor=blue](
                                              -7.465999337689886,-2.11811954...
The control sequence at the end of the top line
of your error message was never \def'ed. If you have
misspelled it (e.g., `\hobx'), type `I' and the correct
spelling (e.g., `I\hbox'). Otherwise just continue,
and I'll forget about whatever was undefined.

! Undefined control sequence.
<recently read> \c@lor@to@ps 
                             
l.22 	\psline
             [linewidth=1.2pt,linecolor=blue](-7.421499288799692,-2.11874370...
The control sequence at the end of the top line
of your error message was never \def'ed. If you have
misspelled it (e.g., `\hobx'), type `I' and the correct
spelling (e.g., `I\hbox'). Otherwise just continue,
and I'll forget about whatever was undefined.

! Undefined control sequence.
\XC@usec@lor ...\expandafter \c@lor@to@ps #1#2\@@ 
                                                  \else \expandafter \expand...
l.22 	\psline
             [linewidth=1.2pt,linecolor=blue](-7.421499288799692,-2.11874370...
The control sequence at the end of the top line
of your error message was never \def'ed. If you have
misspelled it (e.g., `\hobx'), type `I' and the correct
spelling (e.g., `I\hbox'). Otherwise just continue,
and I'll forget about whatever was undefined.

! Undefined control sequence.
<recently read> \c@lor@to@ps 
                             
l.22 	\psline[linewidth=1.2pt,linecolor=blue](
                                              -7.421499288799692,-2.11874370...
The control sequence at the end of the top line
of your error message was never \def'ed. If you have
misspelled it (e.g., `\hobx'), type `I' and the correct
spelling (e.g., `I\hbox'). Otherwise just continue,
and I'll forget about whatever was undefined.

! Undefined control sequence.
\XC@usec@lor ...\expandafter \c@lor@to@ps #1#2\@@ 
                                                  \else \expandafter \expand...
l.22 	\psline[linewidth=1.2pt,linecolor=blue](
                                              -7.421499288799692,-2.11874370...
The control sequence at the end of the top line
of your error message was never \def'ed. If you have
misspelled it (e.g., `\hobx'), type `I' and the correct
spelling (e.g., `I\hbox'). Otherwise just continue,
and I'll forget about whatever was undefined.

! Undefined control sequence.
<recently read> \c@lor@to@ps 
                             
l.23 	\psline
             [linewidth=1.2pt,linecolor=blue](-7.376999239909497,-2.11937448...
The control sequence at the end of the top line
of your error message was never \def'ed. If you have
misspelled it (e.g., `\hobx'), type `I' and the correct
spelling (e.g., `I\hbox'). Otherwise just continue,
and I'll forget about whatever was undefined.

! Undefined control sequence.
\XC@usec@lor ...\expandafter \c@lor@to@ps #1#2\@@ 
                                                  \else \expandafter \expand...
l.23 	\psline
             [linewidth=1.2pt,linecolor=blue](-7.376999239909497,-2.11937448...
The control sequence at the end of the top line
of your error message was never \def'ed. If you have
misspelled it (e.g., `\hobx'), type `I' and the correct
spelling (e.g., `I\hbox'). Otherwise just continue,
and I'll forget about whatever was undefined.

! Undefined control sequence.
<recently read> \c@lor@to@ps 
                             
l.23 	\psline[linewidth=1.2pt,linecolor=blue](
                                              -7.376999239909497,-2.11937448...
The control sequence at the end of the top line
of your error message was never \def'ed. If you have
misspelled it (e.g., `\hobx'), type `I' and the correct
spelling (e.g., `I\hbox'). Otherwise just continue,
and I'll forget about whatever was undefined.

! Undefined control sequence.
\XC@usec@lor ...\expandafter \c@lor@to@ps #1#2\@@ 
                                                  \else \expandafter \expand...
l.23 	\psline[linewidth=1.2pt,linecolor=blue](
                                              -7.376999239909497,-2.11937448...
The control sequence at the end of the top line
of your error message was never \def'ed. If you have
misspelled it (e.g., `\hobx'), type `I' and the correct
spelling (e.g., `I\hbox'). Otherwise just continue,
and I'll forget about whatever was undefined.

! Undefined control sequence.
<recently read> \c@lor@to@ps 
                             
l.24 	\psline
             [linewidth=1.2pt,linecolor=blue](-7.332499191019303,-2.12001201...
The control sequence at the end of the top line
of your error message was never \def'ed. If you have
misspelled it (e.g., `\hobx'), type `I' and the correct
spelling (e.g., `I\hbox'). Otherwise just continue,
and I'll forget about whatever was undefined.

! Undefined control sequence.
\XC@usec@lor ...\expandafter \c@lor@to@ps #1#2\@@ 
                                                  \else \expandafter \expand...
l.24 	\psline
             [linewidth=1.2pt,linecolor=blue](-7.332499191019303,-2.12001201...
The control sequence at the end of the top line
of your error message was never \def'ed. If you have
misspelled it (e.g., `\hobx'), type `I' and the correct
spelling (e.g., `I\hbox'). Otherwise just continue,
and I'll forget about whatever was undefined.

! Undefined control sequence.
<recently read> \c@lor@to@ps 
                             
l.24 	\psline[linewidth=1.2pt,linecolor=blue](
                                              -7.332499191019303,-2.12001201...
The control sequence at the end of the top line
of your error message was never \def'ed. If you have
misspelled it (e.g., `\hobx'), type `I' and the correct
spelling (e.g., `I\hbox'). Otherwise just continue,
and I'll forget about whatever was undefined.

! Undefined control sequence.
\XC@usec@lor ...\expandafter \c@lor@to@ps #1#2\@@ 
                                                  \else \expandafter \expand...
l.24 	\psline[linewidth=1.2pt,linecolor=blue](
                                              -7.332499191019303,-2.12001201...
The control sequence at the end of the top line
of your error message was never \def'ed. If you have
misspelled it (e.g., `\hobx'), type `I' and the correct
spelling (e.g., `I\hbox'). Otherwise just continue,
and I'll forget about whatever was undefined.

! Undefined control sequence.
<recently read> \c@lor@to@ps 
                             
l.25 	\psline
             [linewidth=1.2pt,linecolor=blue](-7.287999142129109,-2.12065638...
The control sequence at the end of the top line
of your error message was never \def'ed. If you have
misspelled it (e.g., `\hobx'), type `I' and the correct
spelling (e.g., `I\hbox'). Otherwise just continue,
and I'll forget about whatever was undefined.

! Undefined control sequence.
\XC@usec@lor ...\expandafter \c@lor@to@ps #1#2\@@ 
                                                  \else \expandafter \expand...
l.25 	\psline
             [linewidth=1.2pt,linecolor=blue](-7.287999142129109,-2.12065638...
The control sequence at the end of the top line
of your error message was never \def'ed. If you have
misspelled it (e.g., `\hobx'), type `I' and the correct
spelling (e.g., `I\hbox'). Otherwise just continue,
and I'll forget about whatever was undefined.

! Undefined control sequence.
<recently read> \c@lor@to@ps 
                             
l.25 	\psline[linewidth=1.2pt,linecolor=blue](
                                              -7.287999142129109,-2.12065638...
The control sequence at the end of the top line
of your error message was never \def'ed. If you have
misspelled it (e.g., `\hobx'), type `I' and the correct
spelling (e.g., `I\hbox'). Otherwise just continue,
and I'll forget about whatever was undefined.

! Undefined control sequence.
\XC@usec@lor ...\expandafter \c@lor@to@ps #1#2\@@ 
                                                  \else \expandafter \expand...
l.25 	\psline[linewidth=1.2pt,linecolor=blue](
                                              -7.287999142129109,-2.12065638...
The control sequence at the end of the top line
of your error message was never \def'ed. If you have
misspelled it (e.g., `\hobx'), type `I' and the correct
spelling (e.g., `I\hbox'). Otherwise just continue,
and I'll forget about whatever was undefined.

! Undefined control sequence.
<recently read> \c@lor@to@ps 
                             
l.26 	\psline
             [linewidth=1.2pt,linecolor=blue](-7.243499093238914,-2.12130771...
The control sequence at the end of the top line
of your error message was never \def'ed. If you have
misspelled it (e.g., `\hobx'), type `I' and the correct
spelling (e.g., `I\hbox'). Otherwise just continue,
and I'll forget about whatever was undefined.

! Undefined control sequence.
\XC@usec@lor ...\expandafter \c@lor@to@ps #1#2\@@ 
                                                  \else \expandafter \expand...
l.26 	\psline
             [linewidth=1.2pt,linecolor=blue](-7.243499093238914,-2.12130771...
The control sequence at the end of the top line
of your error message was never \def'ed. If you have
misspelled it (e.g., `\hobx'), type `I' and the correct
spelling (e.g., `I\hbox'). Otherwise just continue,
and I'll forget about whatever was undefined.

! Undefined control sequence.
<recently read> \c@lor@to@ps 
                             
l.26 	\psline[linewidth=1.2pt,linecolor=blue](
                                              -7.243499093238914,-2.12130771...
The control sequence at the end of the top line
of your error message was never \def'ed. If you have
misspelled it (e.g., `\hobx'), type `I' and the correct
spelling (e.g., `I\hbox'). Otherwise just continue,
and I'll forget about whatever was undefined.

! Undefined control sequence.
\XC@usec@lor ...\expandafter \c@lor@to@ps #1#2\@@ 
                                                  \else \expandafter \expand...
l.26 	\psline[linewidth=1.2pt,linecolor=blue](
                                              -7.243499093238914,-2.12130771...
The control sequence at the end of the top line
of your error message was never \def'ed. If you have
misspelled it (e.g., `\hobx'), type `I' and the correct
spelling (e.g., `I\hbox'). Otherwise just continue,
and I'll forget about whatever was undefined.

! Undefined control sequence.
<recently read> \c@lor@to@ps 
                             
l.27 	\psline
             [linewidth=1.2pt,linecolor=blue](-7.19899904434872,-2.121966107...
The control sequence at the end of the top line
of your error message was never \def'ed. If you have
misspelled it (e.g., `\hobx'), type `I' and the correct
spelling (e.g., `I\hbox'). Otherwise just continue,
and I'll forget about whatever was undefined.

! Undefined control sequence.
\XC@usec@lor ...\expandafter \c@lor@to@ps #1#2\@@ 
                                                  \else \expandafter \expand...
l.27 	\psline
             [linewidth=1.2pt,linecolor=blue](-7.19899904434872,-2.121966107...
The control sequence at the end of the top line
of your error message was never \def'ed. If you have
misspelled it (e.g., `\hobx'), type `I' and the correct
spelling (e.g., `I\hbox'). Otherwise just continue,
and I'll forget about whatever was undefined.

! Undefined control sequence.
<recently read> \c@lor@to@ps 
                             
l.27 	\psline[linewidth=1.2pt,linecolor=blue](
                                              -7.19899904434872,-2.121966107...
The control sequence at the end of the top line
of your error message was never \def'ed. If you have
misspelled it (e.g., `\hobx'), type `I' and the correct
spelling (e.g., `I\hbox'). Otherwise just continue,
and I'll forget about whatever was undefined.

! Undefined control sequence.
\XC@usec@lor ...\expandafter \c@lor@to@ps #1#2\@@ 
                                                  \else \expandafter \expand...
l.27 	\psline[linewidth=1.2pt,linecolor=blue](
                                              -7.19899904434872,-2.121966107...
The control sequence at the end of the top line
of your error message was never \def'ed. If you have
misspelled it (e.g., `\hobx'), type `I' and the correct
spelling (e.g., `I\hbox'). Otherwise just continue,
and I'll forget about whatever was undefined.

! Undefined control sequence.
<recently read> \c@lor@to@ps 
                             
l.28 	\psline
             [linewidth=1.2pt,linecolor=blue](-7.154498995458526,-2.12263169...
The control sequence at the end of the top line
of your error message was never \def'ed. If you have
misspelled it (e.g., `\hobx'), type `I' and the correct
spelling (e.g., `I\hbox'). Otherwise just continue,
and I'll forget about whatever was undefined.

! Undefined control sequence.
\XC@usec@lor ...\expandafter \c@lor@to@ps #1#2\@@ 
                                                  \else \expandafter \expand...
l.28 	\psline
             [linewidth=1.2pt,linecolor=blue](-7.154498995458526,-2.12263169...
The control sequence at the end of the top line
of your error message was never \def'ed. If you have
misspelled it (e.g., `\hobx'), type `I' and the correct
spelling (e.g., `I\hbox'). Otherwise just continue,
and I'll forget about whatever was undefined.

! Undefined control sequence.
<recently read> \c@lor@to@ps 
                             
l.28 	\psline[linewidth=1.2pt,linecolor=blue](
                                              -7.154498995458526,-2.12263169...
The control sequence at the end of the top line
of your error message was never \def'ed. If you have
misspelled it (e.g., `\hobx'), type `I' and the correct
spelling (e.g., `I\hbox'). Otherwise just continue,
and I'll forget about whatever was undefined.

! Undefined control sequence.
\XC@usec@lor ...\expandafter \c@lor@to@ps #1#2\@@ 
                                                  \else \expandafter \expand...
l.28 	\psline[linewidth=1.2pt,linecolor=blue](
                                              -7.154498995458526,-2.12263169...
The control sequence at the end of the top line
of your error message was never \def'ed. If you have
misspelled it (e.g., `\hobx'), type `I' and the correct
spelling (e.g., `I\hbox'). Otherwise just continue,
and I'll forget about whatever was undefined.

! Undefined control sequence.
<recently read> \c@lor@to@ps 
                             
l.29 	\psline
             [linewidth=1.2pt,linecolor=blue](-7.109998946568331,-2.12330457...
The control sequence at the end of the top line
of your error message was never \def'ed. If you have
misspelled it (e.g., `\hobx'), type `I' and the correct
spelling (e.g., `I\hbox'). Otherwise just continue,
and I'll forget about whatever was undefined.

! Undefined control sequence.
\XC@usec@lor ...\expandafter \c@lor@to@ps #1#2\@@ 
                                                  \else \expandafter \expand...
l.29 	\psline
             [linewidth=1.2pt,linecolor=blue](-7.109998946568331,-2.12330457...
The control sequence at the end of the top line
of your error message was never \def'ed. If you have
misspelled it (e.g., `\hobx'), type `I' and the correct
spelling (e.g., `I\hbox'). Otherwise just continue,
and I'll forget about whatever was undefined.

! Undefined control sequence.
<recently read> \c@lor@to@ps 
                             
l.29 	\psline[linewidth=1.2pt,linecolor=blue](
                                              -7.109998946568331,-2.12330457...
The control sequence at the end of the top line
of your error message was never \def'ed. If you have
misspelled it (e.g., `\hobx'), type `I' and the correct
spelling (e.g., `I\hbox'). Otherwise just continue,
and I'll forget about whatever was undefined.

! Undefined control sequence.
\XC@usec@lor ...\expandafter \c@lor@to@ps #1#2\@@ 
                                                  \else \expandafter \expand...
l.29 	\psline[linewidth=1.2pt,linecolor=blue](
                                              -7.109998946568331,-2.12330457...
The control sequence at the end of the top line
of your error message was never \def'ed. If you have
misspelled it (e.g., `\hobx'), type `I' and the correct
spelling (e.g., `I\hbox'). Otherwise just continue,
and I'll forget about whatever was undefined.

! Undefined control sequence.
<recently read> \c@lor@to@ps 
                             
l.30 	\psline
             [linewidth=1.2pt,linecolor=blue](-7.065498897678137,-2.12398489...
The control sequence at the end of the top line
of your error message was never \def'ed. If you have
misspelled it (e.g., `\hobx'), type `I' and the correct
spelling (e.g., `I\hbox'). Otherwise just continue,
and I'll forget about whatever was undefined.

! Undefined control sequence.
\XC@usec@lor ...\expandafter \c@lor@to@ps #1#2\@@ 
                                                  \else \expandafter \expand...
l.30 	\psline
             [linewidth=1.2pt,linecolor=blue](-7.065498897678137,-2.12398489...
The control sequence at the end of the top line
of your error message was never \def'ed. If you have
misspelled it (e.g., `\hobx'), type `I' and the correct
spelling (e.g., `I\hbox'). Otherwise just continue,
and I'll forget about whatever was undefined.

! Undefined control sequence.
<recently read> \c@lor@to@ps 
                             
l.30 	\psline[linewidth=1.2pt,linecolor=blue](
                                              -7.065498897678137,-2.12398489...
The control sequence at the end of the top line
of your error message was never \def'ed. If you have
misspelled it (e.g., `\hobx'), type `I' and the correct
spelling (e.g., `I\hbox'). Otherwise just continue,
and I'll forget about whatever was undefined.

! Undefined control sequence.
\XC@usec@lor ...\expandafter \c@lor@to@ps #1#2\@@ 
                                                  \else \expandafter \expand...
l.30 	\psline[linewidth=1.2pt,linecolor=blue](
                                              -7.065498897678137,-2.12398489...
The control sequence at the end of the top line
of your error message was never \def'ed. If you have
misspelled it (e.g., `\hobx'), type `I' and the correct
spelling (e.g., `I\hbox'). Otherwise just continue,
and I'll forget about whatever was undefined.

! Undefined control sequence.
<recently read> \c@lor@to@ps 
                             
l.31 	\psline
             [linewidth=1.2pt,linecolor=blue](-7.020998848787943,-2.12467275...
The control sequence at the end of the top line
of your error message was never \def'ed. If you have
misspelled it (e.g., `\hobx'), type `I' and the correct
spelling (e.g., `I\hbox'). Otherwise just continue,
and I'll forget about whatever was undefined.

! Undefined control sequence.
\XC@usec@lor ...\expandafter \c@lor@to@ps #1#2\@@ 
                                                  \else \expandafter \expand...
l.31 	\psline
             [linewidth=1.2pt,linecolor=blue](-7.020998848787943,-2.12467275...
The control sequence at the end of the top line
of your error message was never \def'ed. If you have
misspelled it (e.g., `\hobx'), type `I' and the correct
spelling (e.g., `I\hbox'). Otherwise just continue,
and I'll forget about whatever was undefined.

! Undefined control sequence.
<recently read> \c@lor@to@ps 
                             
l.31 	\psline[linewidth=1.2pt,linecolor=blue](
                                              -7.020998848787943,-2.12467275...
The control sequence at the end of the top line
of your error message was never \def'ed. If you have
misspelled it (e.g., `\hobx'), type `I' and the correct
spelling (e.g., `I\hbox'). Otherwise just continue,
and I'll forget about whatever was undefined.

! Undefined control sequence.
\XC@usec@lor ...\expandafter \c@lor@to@ps #1#2\@@ 
                                                  \else \expandafter \expand...
l.31 	\psline[linewidth=1.2pt,linecolor=blue](
                                              -7.020998848787943,-2.12467275...
The control sequence at the end of the top line
of your error message was never \def'ed. If you have
misspelled it (e.g., `\hobx'), type `I' and the correct
spelling (e.g., `I\hbox'). Otherwise just continue,
and I'll forget about whatever was undefined.

! Undefined control sequence.
<recently read> \c@lor@to@ps 
                             
l.32 	\psline
             [linewidth=1.2pt,linecolor=blue](-6.976498799897748,-2.12536828...
The control sequence at the end of the top line
of your error message was never \def'ed. If you have
misspelled it (e.g., `\hobx'), type `I' and the correct
spelling (e.g., `I\hbox'). Otherwise just continue,
and I'll forget about whatever was undefined.

! Undefined control sequence.
\XC@usec@lor ...\expandafter \c@lor@to@ps #1#2\@@ 
                                                  \else \expandafter \expand...
l.32 	\psline
             [linewidth=1.2pt,linecolor=blue](-6.976498799897748,-2.12536828...
The control sequence at the end of the top line
of your error message was never \def'ed. If you have
misspelled it (e.g., `\hobx'), type `I' and the correct
spelling (e.g., `I\hbox'). Otherwise just continue,
and I'll forget about whatever was undefined.

! Undefined control sequence.
<recently read> \c@lor@to@ps 
                             
l.32 	\psline[linewidth=1.2pt,linecolor=blue](
                                              -6.976498799897748,-2.12536828...
The control sequence at the end of the top line
of your error message was never \def'ed. If you have
misspelled it (e.g., `\hobx'), type `I' and the correct
spelling (e.g., `I\hbox'). Otherwise just continue,
and I'll forget about whatever was undefined.

! Undefined control sequence.
\XC@usec@lor ...\expandafter \c@lor@to@ps #1#2\@@ 
                                                  \else \expandafter \expand...
l.32 	\psline[linewidth=1.2pt,linecolor=blue](
                                              -6.976498799897748,-2.12536828...
The control sequence at the end of the top line
of your error message was never \def'ed. If you have
misspelled it (e.g., `\hobx'), type `I' and the correct
spelling (e.g., `I\hbox'). Otherwise just continue,
and I'll forget about whatever was undefined.

! Undefined control sequence.
<recently read> \c@lor@to@ps 
                             
l.33 	\psline
             [linewidth=1.2pt,linecolor=blue](-6.931998751007554,-2.12607162...
The control sequence at the end of the top line
of your error message was never \def'ed. If you have
misspelled it (e.g., `\hobx'), type `I' and the correct
spelling (e.g., `I\hbox'). Otherwise just continue,
and I'll forget about whatever was undefined.

! Undefined control sequence.
\XC@usec@lor ...\expandafter \c@lor@to@ps #1#2\@@ 
                                                  \else \expandafter \expand...
l.33 	\psline
             [linewidth=1.2pt,linecolor=blue](-6.931998751007554,-2.12607162...
(That makes 100 errors; please try again.) 
Here is how much of TeX's memory you used:
 9926 strings out of 493333
 178976 string characters out of 3139175
 306774 words of memory out of 3000000
 13358 multiletter control sequences out of 15000+200000
 3938 words of font info for 15 fonts, out of 3000000 for 9000
 1141 hyphenation exceptions out of 8191
 44i,0n,53p,667b,196s stack positions out of 5000i,500n,10000p,200000b,50000s

!  ==> Fatal error occurred, no output PDF file produced!
